<?xml version="1.0" encoding="UTF-8"?>
<!-- Generated by org.testng.reporters.JUnitReportReporter -->
<testsuite hostname="ATMECSINDT-012" failures="0" tests="1" name="com.shoptools.qa.base.Base" time="4.609" errors="0" timestamp="2019-08-13T19:09:58 IST" skipped="0">
  <testcase classname="com.shoptools.qa.base.Base" name="initialization" time="4.609"/>
</testsuite> <!-- com.shoptools.qa.base.Base -->
