<?xml version="1.0" encoding="UTF-8"?>
<!-- Generated by org.testng.reporters.JUnitReportReporter -->
<testsuite hostname="ATMECSINDT-012" failures="0" tests="4" name="com.shoptools.qa.testscripts.Scenario1" time="35.796" errors="0" timestamp="2019-08-13T19:45:14 IST" skipped="0">
  <testcase classname="com.shoptools.qa.testscripts.Scenario1" name="verifyTotalAmount" time="3.019"/>
  <testcase classname="com.shoptools.qa.testscripts.Scenario1" name="addProduct1ToCart" time="12.195"/>
  <testcase classname="com.shoptools.qa.testscripts.Scenario1" name="addProduct2Tocart" time="7.739"/>
  <testcase classname="com.shoptools.qa.testscripts.Scenario1" name="initialization" time="12.843"/>
</testsuite> <!-- com.shoptools.qa.testscripts.Scenario1 -->
